2024-11-08 01:41:11 - config_logging_python.py:33 - warning
2024-11-08 01:41:11 - config_logging_python.py:34 - error
2024-11-08 01:41:11 - config_logging_python.py:35 - critical
2024-11-08 01:41:11 - config_logging_python.py:33 - warning
2024-11-08 01:41:11 - config_logging_python.py:34 - error
2024-11-08 01:41:11 - config_logging_python.py:35 - critical
2024-11-08 01:41:11 - config_logging_python.py:33 - warning
2024-11-08 01:41:11 - config_logging_python.py:34 - error
2024-11-08 01:41:11 - config_logging_python.py:35 - critical
2024-11-08 01:41:11 - config_logging_python.py:33 - warning
2024-11-08 01:41:11 - config_logging_python.py:34 - error
2024-11-08 01:41:11 - config_logging_python.py:35 - critical
2024-11-08 01:41:11 - config_logging_python.py:33 - warning
2024-11-08 01:41:11 - config_logging_python.py:34 - error
2024-11-08 01:41:11 - config_logging_python.py:35 - critical
2024-11-08 01:41:11 - config_logging_python.py:33 - warning
2024-11-08 01:41:11 - config_logging_python.py:34 - error
2024-11-08 01:41:11 - config_logging_python.py:35 - critical
2024-11-08 01:41:11 - config_logging_python.py:33 - warning
2024-11-08 01:41:11 - config_logging_python.py:34 - error
2024-11-08 01:41:11 - config_logging_python.py:35 - critical
2024-11-08 01:41:11 - config_logging_python.py:33 - warning
2024-11-08 01:41:11 - config_logging_python.py:34 - error
2024-11-08 01:41:11 - config_logging_python.py:35 - critical
2024-11-08 01:41:11 - config_logging_python.py:33 - warning
2024-11-08 01:41:11 - config_logging_python.py:34 - error
2024-11-08 01:41:11 - config_logging_python.py:35 - critical
2024-11-08 01:41:11 - config_logging_python.py:33 - warning
2024-11-08 01:41:11 - config_logging_python.py:34 - error
2024-11-08 01:41:11 - config_logging_python.py:35 - critical
2024-11-08 01:41:25 - config_logging_python.py:26 - Logging setup complete
2024-11-08 01:41:25 - config_logging_python.py:32 - info
2024-11-08 01:41:25 - config_logging_python.py:33 - warning
2024-11-08 01:41:25 - config_logging_python.py:34 - error
2024-11-08 01:41:25 - config_logging_python.py:35 - critical
2024-11-08 01:41:25 - config_logging_python.py:36 - debug
2024-11-08 01:41:25 - config_logging_python.py:32 - info
2024-11-08 01:41:25 - config_logging_python.py:33 - warning
2024-11-08 01:41:25 - config_logging_python.py:34 - error
2024-11-08 01:41:25 - config_logging_python.py:35 - critical
2024-11-08 01:41:25 - config_logging_python.py:36 - debug
2024-11-08 01:41:25 - config_logging_python.py:32 - info
2024-11-08 01:41:25 - config_logging_python.py:33 - warning
2024-11-08 01:41:25 - config_logging_python.py:34 - error
2024-11-08 01:41:25 - config_logging_python.py:35 - critical
2024-11-08 01:41:25 - config_logging_python.py:36 - debug
2024-11-08 01:41:25 - config_logging_python.py:32 - info
2024-11-08 01:41:25 - config_logging_python.py:33 - warning
2024-11-08 01:41:25 - config_logging_python.py:34 - error
2024-11-08 01:41:25 - config_logging_python.py:35 - critical
2024-11-08 01:41:25 - config_logging_python.py:36 - debug
2024-11-08 01:41:25 - config_logging_python.py:32 - info
2024-11-08 01:41:25 - config_logging_python.py:33 - warning
2024-11-08 01:41:25 - config_logging_python.py:34 - error
2024-11-08 01:41:25 - config_logging_python.py:35 - critical
2024-11-08 01:41:25 - config_logging_python.py:36 - debug
2024-11-08 01:41:25 - config_logging_python.py:32 - info
2024-11-08 01:41:25 - config_logging_python.py:33 - warning
2024-11-08 01:41:25 - config_logging_python.py:34 - error
2024-11-08 01:41:25 - config_logging_python.py:35 - critical
2024-11-08 01:41:25 - config_logging_python.py:36 - debug
2024-11-08 01:41:25 - config_logging_python.py:32 - info
2024-11-08 01:41:25 - config_logging_python.py:33 - warning
2024-11-08 01:41:25 - config_logging_python.py:34 - error
2024-11-08 01:41:25 - config_logging_python.py:35 - critical
2024-11-08 01:41:25 - config_logging_python.py:36 - debug
2024-11-08 01:41:25 - config_logging_python.py:32 - info
2024-11-08 01:41:25 - config_logging_python.py:33 - warning
2024-11-08 01:41:25 - config_logging_python.py:34 - error
2024-11-08 01:41:25 - config_logging_python.py:35 - critical
2024-11-08 01:41:25 - config_logging_python.py:36 - debug
2024-11-08 01:41:25 - config_logging_python.py:32 - info
2024-11-08 01:41:25 - config_logging_python.py:33 - warning
2024-11-08 01:41:25 - config_logging_python.py:34 - error
2024-11-08 01:41:25 - config_logging_python.py:35 - critical
2024-11-08 01:41:25 - config_logging_python.py:36 - debug
2024-11-08 01:41:25 - config_logging_python.py:32 - info
2024-11-08 01:41:25 - config_logging_python.py:33 - warning
2024-11-08 01:41:25 - config_logging_python.py:34 - error
2024-11-08 01:41:25 - config_logging_python.py:35 - critical
2024-11-08 01:41:25 - config_logging_python.py:36 - debug
2024-11-08 01:41:32 - config_logging_python.py:26 - Logging setup complete
2024-11-08 01:41:32 - config_logging_python.py:32 - info
2024-11-08 01:41:32 - config_logging_python.py:33 - warning
2024-11-08 01:41:32 - config_logging_python.py:34 - error
2024-11-08 01:41:32 - config_logging_python.py:35 - critical
2024-11-08 01:41:32 - config_logging_python.py:36 - debug
2024-11-08 01:41:32 - config_logging_python.py:32 - info
2024-11-08 01:41:32 - config_logging_python.py:33 - warning
2024-11-08 01:41:32 - config_logging_python.py:34 - error
2024-11-08 01:41:32 - config_logging_python.py:35 - critical
2024-11-08 01:41:32 - config_logging_python.py:36 - debug
2024-11-08 01:41:32 - config_logging_python.py:32 - info
2024-11-08 01:41:32 - config_logging_python.py:33 - warning
2024-11-08 01:41:32 - config_logging_python.py:34 - error
2024-11-08 01:41:32 - config_logging_python.py:35 - critical
2024-11-08 01:41:32 - config_logging_python.py:36 - debug
2024-11-08 01:41:32 - config_logging_python.py:32 - info
2024-11-08 01:41:32 - config_logging_python.py:33 - warning
2024-11-08 01:41:32 - config_logging_python.py:34 - error
2024-11-08 01:41:32 - config_logging_python.py:35 - critical
2024-11-08 01:41:32 - config_logging_python.py:36 - debug
2024-11-08 01:41:32 - config_logging_python.py:32 - info
2024-11-08 01:41:32 - config_logging_python.py:33 - warning
2024-11-08 01:41:32 - config_logging_python.py:34 - error
2024-11-08 01:41:32 - config_logging_python.py:35 - critical
2024-11-08 01:41:32 - config_logging_python.py:36 - debug
2024-11-08 01:41:32 - config_logging_python.py:32 - info
2024-11-08 01:41:32 - config_logging_python.py:33 - warning
2024-11-08 01:41:32 - config_logging_python.py:34 - error
2024-11-08 01:41:32 - config_logging_python.py:35 - critical
2024-11-08 01:41:32 - config_logging_python.py:36 - debug
2024-11-08 01:41:32 - config_logging_python.py:32 - info
2024-11-08 01:41:32 - config_logging_python.py:33 - warning
2024-11-08 01:41:32 - config_logging_python.py:34 - error
2024-11-08 01:41:32 - config_logging_python.py:35 - critical
2024-11-08 01:41:32 - config_logging_python.py:36 - debug
2024-11-08 01:41:32 - config_logging_python.py:32 - info
2024-11-08 01:41:32 - config_logging_python.py:33 - warning
2024-11-08 01:41:32 - config_logging_python.py:34 - error
2024-11-08 01:41:32 - config_logging_python.py:35 - critical
2024-11-08 01:41:32 - config_logging_python.py:36 - debug
2024-11-08 01:41:32 - config_logging_python.py:32 - info
2024-11-08 01:41:32 - config_logging_python.py:33 - warning
2024-11-08 01:41:32 - config_logging_python.py:34 - error
2024-11-08 01:41:32 - config_logging_python.py:35 - critical
2024-11-08 01:41:32 - config_logging_python.py:36 - debug
2024-11-08 01:41:32 - config_logging_python.py:32 - info
2024-11-08 01:41:32 - config_logging_python.py:33 - warning
2024-11-08 01:41:32 - config_logging_python.py:34 - error
2024-11-08 01:41:32 - config_logging_python.py:35 - critical
2024-11-08 01:41:32 - config_logging_python.py:36 - debug
